#! /opt/homebrew/Cellar/icarus-verilog/12.0/bin/vvp
:ivl_version "12.0 (stable)";
:ivl_delay_selection "TYPICAL";
:vpi_time_precision + 0;
:vpi_module "/opt/homebrew/Cellar/icarus-verilog/12.0/lib/ivl/system.vpi";
:vpi_module "/opt/homebrew/Cellar/icarus-verilog/12.0/lib/ivl/vhdl_sys.vpi";
:vpi_module "/opt/homebrew/Cellar/icarus-verilog/12.0/lib/ivl/vhdl_textio.vpi";
:vpi_module "/opt/homebrew/Cellar/icarus-verilog/12.0/lib/ivl/v2005_math.vpi";
:vpi_module "/opt/homebrew/Cellar/icarus-verilog/12.0/lib/ivl/va_math.vpi";
S_0x134714510 .scope module, "TestBench" "TestBench" 2 3;
 .timescale 0 0;
v0x600003ed82d0_0 .var "Clk", 0 0;
v0x600003ed8360_0 .var "Reset", 0 0;
v0x600003ed83f0_0 .var/i "counter", 31 0;
v0x600003ed8480_0 .var/i "i", 31 0;
v0x600003ed8510_0 .var/i "outfile", 31 0;
E_0x6000019c5980 .event posedge, v0x600003ec67f0_0;
S_0x13471c160 .scope module, "CPU" "CPU" 2 11, 3 1 0, S_0x134714510;
 .timescale 0 0;
    .port_info 0 /INPUT 1 "clk_i";
    .port_info 1 /INPUT 1 "rst_i";
    .port_info 2 /NODIR 0 "";
v0x600003ec7600_0 .net "ALUCtrl_i", 9 0, L_0x600003dc8960;  1 drivers
v0x600003ec7690_0 .net "ALUCtrl_o", 2 0, L_0x600003dcb0c0;  1 drivers
v0x600003ec7720_0 .net "ALUData_i", 31 0, L_0x600003dca120;  1 drivers
v0x600003ec77b0_0 .net "ALUOp_o", 1 0, L_0x600003dc8fa0;  1 drivers
v0x600003ec7840_0 .net "ALUSrc_o", 0 0, L_0x600003dc9680;  1 drivers
v0x600003ec78d0_0 .net "RegWrite_o", 0 0, L_0x600003dc9c20;  1 drivers
v0x600003ec7960_0 .net *"_ivl_13", 6 0, L_0x600003dc8820;  1 drivers
v0x600003ec79f0_0 .net *"_ivl_15", 2 0, L_0x600003dc88c0;  1 drivers
v0x600003ec7a80_0 .net "clk_i", 0 0, v0x600003ed82d0_0;  1 drivers
v0x600003ec7b10_0 .net "imm_i", 11 0, L_0x600003dc8780;  1 drivers
v0x600003ec7ba0_0 .net "imm_o", 31 0, L_0x600003dca080;  1 drivers
v0x600003ec7c30_0 .net "instr_o", 31 0, L_0x6000027cd340;  1 drivers
v0x600003ec7cc0_0 .net "opcode", 6 0, L_0x600003dc8500;  1 drivers
v0x600003ec7d50_0 .net "pc_i", 31 0, L_0x600003dc81e0;  1 drivers
v0x600003ec7de0_0 .net "pc_o", 31 0, v0x600003ec6910_0;  1 drivers
v0x600003ec7e70_0 .net "rd_addr_i", 4 0, L_0x600003dc86e0;  1 drivers
v0x600003ec7f00_0 .net "rd_data_i", 31 0, L_0x600003dcbf20;  1 drivers
v0x600003ed8000_0 .net "rs1_addr_i", 4 0, L_0x600003dc85a0;  1 drivers
v0x600003ed8090_0 .net "rs1_data_o", 31 0, L_0x6000027cd3b0;  1 drivers
v0x600003ed8120_0 .net "rs2_addr_i", 4 0, L_0x600003dc8640;  1 drivers
v0x600003ed81b0_0 .net "rs2_data_o", 31 0, L_0x6000027cd420;  1 drivers
v0x600003ed8240_0 .net "rst_i", 0 0, v0x600003ed8360_0;  1 drivers
L_0x600003dc8500 .part L_0x6000027cd340, 0, 7;
L_0x600003dc85a0 .part L_0x6000027cd340, 15, 5;
L_0x600003dc8640 .part L_0x6000027cd340, 20, 5;
L_0x600003dc86e0 .part L_0x6000027cd340, 7, 5;
L_0x600003dc8780 .part L_0x6000027cd340, 20, 12;
L_0x600003dc8820 .part L_0x6000027cd340, 25, 7;
L_0x600003dc88c0 .part L_0x6000027cd340, 12, 3;
L_0x600003dc8960 .concat [ 3 7 0 0], L_0x600003dc88c0, L_0x600003dc8820;
S_0x134707000 .scope module, "ALU" "ALU" 3 106, 4 10 0, S_0x13471c160;
 .timescale 0 0;
    .port_info 0 /INPUT 32 "data1_i";
    .port_info 1 /INPUT 32 "data2_i";
    .port_info 2 /INPUT 3 "ALUCtrl_i";
    .port_info 3 /OUTPUT 32 "data_o";
    .port_info 4 /NODIR 0 "";
L_0x6000027cd810 .functor AND 32, L_0x6000027cd3b0, L_0x600003dca120, C4<11111111111111111111111111111111>, C4<11111111111111111111111111111111>;
L_0x6000027cd880 .functor XOR 32, L_0x6000027cd3b0, L_0x600003dca120, C4<00000000000000000000000000000000>, C4<00000000000000000000000000000000>;
v0x600003ec0510_0 .net "ALUCtrl_i", 2 0, L_0x600003dcb0c0;  alias, 1 drivers
L_0x138079180 .functor BUFT 1, C4<000>, C4<0>, C4<0>, C4<0>;
v0x600003ec05a0_0 .net/2u *"_ivl_0", 2 0, L_0x138079180;  1 drivers
v0x600003ec0630_0 .net *"_ivl_10", 31 0, L_0x6000027cd880;  1 drivers
L_0x138079210 .functor BUFT 1, C4<010>, C4<0>, C4<0>, C4<0>;
v0x600003ec06c0_0 .net/2u *"_ivl_12", 2 0, L_0x138079210;  1 drivers
v0x600003ec0750_0 .net *"_ivl_14", 0 0, L_0x600003dcb2a0;  1 drivers
v0x600003ec07e0_0 .net *"_ivl_16", 31 0, L_0x600003dcb340;  1 drivers
L_0x138079258 .functor BUFT 1, C4<011>, C4<0>, C4<0>, C4<0>;
v0x600003ec0870_0 .net/2u *"_ivl_18", 2 0, L_0x138079258;  1 drivers
v0x600003ec0900_0 .net *"_ivl_2", 0 0, L_0x600003dcb160;  1 drivers
v0x600003ec0990_0 .net *"_ivl_20", 0 0, L_0x600003dcb3e0;  1 drivers
v0x600003ec0a20_0 .net *"_ivl_22", 31 0, L_0x600003dcb480;  1 drivers
L_0x1380792a0 .functor BUFT 1, C4<100>, C4<0>, C4<0>, C4<0>;
v0x600003ec0ab0_0 .net/2u *"_ivl_24", 2 0, L_0x1380792a0;  1 drivers
v0x600003ec0b40_0 .net *"_ivl_26", 0 0, L_0x600003dcb520;  1 drivers
v0x600003ec0bd0_0 .net *"_ivl_28", 31 0, L_0x600003dcb5c0;  1 drivers
L_0x1380792e8 .functor BUFT 1, C4<101>, C4<0>, C4<0>, C4<0>;
v0x600003ec0c60_0 .net/2u *"_ivl_30", 2 0, L_0x1380792e8;  1 drivers
v0x600003ec0cf0_0 .net *"_ivl_32", 0 0, L_0x600003dcb660;  1 drivers
v0x600003ec0d80_0 .net *"_ivl_35", 31 0, L_0x600003dcb700;  1 drivers
L_0x138079330 .functor BUFT 1, C4<110>, C4<0>, C4<0>, C4<0>;
v0x600003ec0e10_0 .net/2u *"_ivl_36", 2 0, L_0x138079330;  1 drivers
v0x600003ec0ea0_0 .net *"_ivl_38", 0 0, L_0x600003dcb7a0;  1 drivers
v0x600003ec0f30_0 .net *"_ivl_4", 31 0, L_0x6000027cd810;  1 drivers
v0x600003ec0fc0_0 .net *"_ivl_40", 31 0, L_0x600003dcb840;  1 drivers
L_0x138079378 .functor BUFT 1, C4<111>, C4<0>, C4<0>, C4<0>;
v0x600003ec1050_0 .net/2u *"_ivl_42", 2 0, L_0x138079378;  1 drivers
v0x600003ec10e0_0 .net *"_ivl_44", 0 0, L_0x600003dcb8e0;  1 drivers
v0x600003ec1170_0 .net *"_ivl_47", 4 0, L_0x600003dcb980;  1 drivers
v0x600003ec1200_0 .net *"_ivl_48", 31 0, L_0x600003dcba20;  1 drivers
L_0x1380793c0 .functor BUFT 1, C4<00000000000000000000000000000000>, C4<0>, C4<0>, C4<0>;
v0x600003ec1290_0 .net/2u *"_ivl_50", 31 0, L_0x1380793c0;  1 drivers
v0x600003ec1320_0 .net *"_ivl_52", 31 0, L_0x600003dcbac0;  1 drivers
v0x600003ec13b0_0 .net *"_ivl_54", 31 0, L_0x600003dcbb60;  1 drivers
v0x600003ec1440_0 .net *"_ivl_56", 31 0, L_0x600003dcbc00;  1 drivers
v0x600003ec14d0_0 .net *"_ivl_58", 31 0, L_0x600003dcbca0;  1 drivers
L_0x1380791c8 .functor BUFT 1, C4<001>, C4<0>, C4<0>, C4<0>;
v0x600003ec1560_0 .net/2u *"_ivl_6", 2 0, L_0x1380791c8;  1 drivers
v0x600003ec15f0_0 .net *"_ivl_60", 31 0, L_0x600003dcbde0;  1 drivers
v0x600003ec1680_0 .net *"_ivl_62", 31 0, L_0x600003dcbe80;  1 drivers
v0x600003ec1710_0 .net *"_ivl_64", 31 0, L_0x600003dcbd40;  1 drivers
v0x600003ec17a0_0 .net *"_ivl_8", 0 0, L_0x600003dcb200;  1 drivers
v0x600003ec1830_0 .net/s "data1_i", 31 0, L_0x6000027cd3b0;  alias, 1 drivers
v0x600003ec18c0_0 .net/s "data2_i", 31 0, L_0x600003dca120;  alias, 1 drivers
v0x600003ec1950_0 .net/s "data_o", 31 0, L_0x600003dcbf20;  alias, 1 drivers
L_0x600003dcb160 .cmp/eq 3, L_0x600003dcb0c0, L_0x138079180;
L_0x600003dcb200 .cmp/eq 3, L_0x600003dcb0c0, L_0x1380791c8;
L_0x600003dcb2a0 .cmp/eq 3, L_0x600003dcb0c0, L_0x138079210;
L_0x600003dcb340 .shift/l 32, L_0x6000027cd3b0, L_0x600003dca120;
L_0x600003dcb3e0 .cmp/eq 3, L_0x600003dcb0c0, L_0x138079258;
L_0x600003dcb480 .arith/sum 32, L_0x6000027cd3b0, L_0x600003dca120;
L_0x600003dcb520 .cmp/eq 3, L_0x600003dcb0c0, L_0x1380792a0;
L_0x600003dcb5c0 .arith/sub 32, L_0x6000027cd3b0, L_0x600003dca120;
L_0x600003dcb660 .cmp/eq 3, L_0x600003dcb0c0, L_0x1380792e8;
L_0x600003dcb700 .arith/mult 32, L_0x6000027cd3b0, L_0x600003dca120;
L_0x600003dcb7a0 .cmp/eq 3, L_0x600003dcb0c0, L_0x138079330;
L_0x600003dcb840 .arith/sum 32, L_0x6000027cd3b0, L_0x600003dca120;
L_0x600003dcb8e0 .cmp/eq 3, L_0x600003dcb0c0, L_0x138079378;
L_0x600003dcb980 .part L_0x600003dca120, 0, 5;
L_0x600003dcba20 .shift/r 32, L_0x6000027cd3b0, L_0x600003dcb980;
L_0x600003dcbac0 .functor MUXZ 32, L_0x1380793c0, L_0x600003dcba20, L_0x600003dcb8e0, C4<>;
L_0x600003dcbb60 .functor MUXZ 32, L_0x600003dcbac0, L_0x600003dcb840, L_0x600003dcb7a0, C4<>;
L_0x600003dcbc00 .functor MUXZ 32, L_0x600003dcbb60, L_0x600003dcb700, L_0x600003dcb660, C4<>;
L_0x600003dcbca0 .functor MUXZ 32, L_0x600003dcbc00, L_0x600003dcb5c0, L_0x600003dcb520, C4<>;
L_0x600003dcbde0 .functor MUXZ 32, L_0x600003dcbca0, L_0x600003dcb480, L_0x600003dcb3e0, C4<>;
L_0x600003dcbe80 .functor MUXZ 32, L_0x600003dcbde0, L_0x600003dcb340, L_0x600003dcb2a0, C4<>;
L_0x600003dcbd40 .functor MUXZ 32, L_0x600003dcbe80, L_0x6000027cd880, L_0x600003dcb200, C4<>;
L_0x600003dcbf20 .functor MUXZ 32, L_0x600003dcbd40, L_0x6000027cd810, L_0x600003dcb160, C4<>;
S_0x134707170 .scope module, "ALU_Control" "ALU_Control" 3 100, 5 1 0, S_0x13471c160;
 .timescale 0 0;
    .port_info 0 /INPUT 10 "ALUCtrl_i";
    .port_info 1 /INPUT 2 "ALUOp_i";
    .port_info 2 /OUTPUT 3 "ALUCtrl_o";
L_0x6000027cd490 .functor AND 1, L_0x600003dca1c0, L_0x600003dca260, C4<1>, C4<1>;
L_0x6000027cd500 .functor AND 1, L_0x600003dca300, L_0x600003dca3a0, C4<1>, C4<1>;
L_0x6000027cd570 .functor AND 1, L_0x600003dca440, L_0x600003dca4e0, C4<1>, C4<1>;
L_0x6000027cd5e0 .functor AND 1, L_0x600003dca580, L_0x600003dca620, C4<1>, C4<1>;
L_0x6000027cd650 .functor AND 1, L_0x600003dca6c0, L_0x600003dca760, C4<1>, C4<1>;
L_0x6000027cd6c0 .functor AND 1, L_0x600003dca800, L_0x600003dca8a0, C4<1>, C4<1>;
L_0x6000027cd730 .functor AND 1, L_0x600003dca940, L_0x600003dcaa80, C4<1>, C4<1>;
L_0x6000027cd7a0 .functor AND 1, L_0x600003dcab20, L_0x600003dcabc0, C4<1>, C4<1>;
v0x600003ec19e0_0 .net "ALUCtrl_i", 9 0, L_0x600003dc8960;  alias, 1 drivers
v0x600003ec1a70_0 .net "ALUCtrl_o", 2 0, L_0x600003dcb0c0;  alias, 1 drivers
v0x600003ec1b00_0 .net "ALUOp_i", 1 0, L_0x600003dc8fa0;  alias, 1 drivers
L_0x138078a78 .functor BUFT 1, C4<10>, C4<0>, C4<0>, C4<0>;
v0x600003ec1b90_0 .net/2u *"_ivl_0", 1 0, L_0x138078a78;  1 drivers
L_0x138078b08 .functor BUFT 1, C4<000>, C4<0>, C4<0>, C4<0>;
v0x600003ec1c20_0 .net/2u *"_ivl_10", 2 0, L_0x138078b08;  1 drivers
v0x600003ec1cb0_0 .net *"_ivl_100", 2 0, L_0x600003dcac60;  1 drivers
v0x600003ec1d40_0 .net *"_ivl_102", 2 0, L_0x600003dcad00;  1 drivers
v0x600003ec1dd0_0 .net *"_ivl_104", 2 0, L_0x600003dcae40;  1 drivers
v0x600003ec1e60_0 .net *"_ivl_106", 2 0, L_0x600003dcaee0;  1 drivers
v0x600003ec1ef0_0 .net *"_ivl_108", 2 0, L_0x600003dcada0;  1 drivers
v0x600003ec1f80_0 .net *"_ivl_110", 2 0, L_0x600003dcaf80;  1 drivers
v0x600003ec2010_0 .net *"_ivl_112", 2 0, L_0x600003dcb020;  1 drivers
L_0x138078b50 .functor BUFT 1, C4<10>, C4<0>, C4<0>, C4<0>;
v0x600003ec20a0_0 .net/2u *"_ivl_12", 1 0, L_0x138078b50;  1 drivers
v0x600003ec2130_0 .net *"_ivl_14", 0 0, L_0x600003dca300;  1 drivers
L_0x138078b98 .functor BUFT 1, C4<0000000100>, C4<0>, C4<0>, C4<0>;
v0x600003ec21c0_0 .net/2u *"_ivl_16", 9 0, L_0x138078b98;  1 drivers
v0x600003ec2250_0 .net *"_ivl_18", 0 0, L_0x600003dca3a0;  1 drivers
v0x600003ec22e0_0 .net *"_ivl_2", 0 0, L_0x600003dca1c0;  1 drivers
v0x600003ec2370_0 .net *"_ivl_21", 0 0, L_0x6000027cd500;  1 drivers
L_0x138078be0 .functor BUFT 1, C4<001>, C4<0>, C4<0>, C4<0>;
v0x600003ec2400_0 .net/2u *"_ivl_22", 2 0, L_0x138078be0;  1 drivers
L_0x138078c28 .functor BUFT 1, C4<10>, C4<0>, C4<0>, C4<0>;
v0x600003ec2490_0 .net/2u *"_ivl_24", 1 0, L_0x138078c28;  1 drivers
v0x600003ec2520_0 .net *"_ivl_26", 0 0, L_0x600003dca440;  1 drivers
L_0x138078c70 .functor BUFT 1, C4<0000000001>, C4<0>, C4<0>, C4<0>;
v0x600003ec25b0_0 .net/2u *"_ivl_28", 9 0, L_0x138078c70;  1 drivers
v0x600003ec2640_0 .net *"_ivl_30", 0 0, L_0x600003dca4e0;  1 drivers
v0x600003ec26d0_0 .net *"_ivl_33", 0 0, L_0x6000027cd570;  1 drivers
L_0x138078cb8 .functor BUFT 1, C4<010>, C4<0>, C4<0>, C4<0>;
v0x600003ec2760_0 .net/2u *"_ivl_34", 2 0, L_0x138078cb8;  1 drivers
L_0x138078d00 .functor BUFT 1, C4<10>, C4<0>, C4<0>, C4<0>;
v0x600003ec27f0_0 .net/2u *"_ivl_36", 1 0, L_0x138078d00;  1 drivers
v0x600003ec2880_0 .net *"_ivl_38", 0 0, L_0x600003dca580;  1 drivers
L_0x138078ac0 .functor BUFT 1, C4<0000000111>, C4<0>, C4<0>, C4<0>;
v0x600003ec2910_0 .net/2u *"_ivl_4", 9 0, L_0x138078ac0;  1 drivers
L_0x138078d48 .functor BUFT 1, C4<0000000000>, C4<0>, C4<0>, C4<0>;
v0x600003ec29a0_0 .net/2u *"_ivl_40", 9 0, L_0x138078d48;  1 drivers
v0x600003ec2a30_0 .net *"_ivl_42", 0 0, L_0x600003dca620;  1 drivers
v0x600003ec2ac0_0 .net *"_ivl_45", 0 0, L_0x6000027cd5e0;  1 drivers
L_0x138078d90 .functor BUFT 1, C4<011>, C4<0>, C4<0>, C4<0>;
v0x600003ec2b50_0 .net/2u *"_ivl_46", 2 0, L_0x138078d90;  1 drivers
L_0x138078dd8 .functor BUFT 1, C4<10>, C4<0>, C4<0>, C4<0>;
v0x600003ec2be0_0 .net/2u *"_ivl_48", 1 0, L_0x138078dd8;  1 drivers
v0x600003ec2c70_0 .net *"_ivl_50", 0 0, L_0x600003dca6c0;  1 drivers
L_0x138078e20 .functor BUFT 1, C4<0100000000>, C4<0>, C4<0>, C4<0>;
v0x600003ec2d00_0 .net/2u *"_ivl_52", 9 0, L_0x138078e20;  1 drivers
v0x600003ec2d90_0 .net *"_ivl_54", 0 0, L_0x600003dca760;  1 drivers
v0x600003ec2e20_0 .net *"_ivl_57", 0 0, L_0x6000027cd650;  1 drivers
L_0x138078e68 .functor BUFT 1, C4<100>, C4<0>, C4<0>, C4<0>;
v0x600003ec2eb0_0 .net/2u *"_ivl_58", 2 0, L_0x138078e68;  1 drivers
v0x600003ec2f40_0 .net *"_ivl_6", 0 0, L_0x600003dca260;  1 drivers
L_0x138078eb0 .functor BUFT 1, C4<10>, C4<0>, C4<0>, C4<0>;
v0x600003ec2fd0_0 .net/2u *"_ivl_60", 1 0, L_0x138078eb0;  1 drivers
v0x600003ec3060_0 .net *"_ivl_62", 0 0, L_0x600003dca800;  1 drivers
L_0x138078ef8 .functor BUFT 1, C4<0000001000>, C4<0>, C4<0>, C4<0>;
v0x600003ec30f0_0 .net/2u *"_ivl_64", 9 0, L_0x138078ef8;  1 drivers
v0x600003ec3180_0 .net *"_ivl_66", 0 0, L_0x600003dca8a0;  1 drivers
v0x600003ec3210_0 .net *"_ivl_69", 0 0, L_0x6000027cd6c0;  1 drivers
L_0x138078f40 .functor BUFT 1, C4<101>, C4<0>, C4<0>, C4<0>;
v0x600003ec32a0_0 .net/2u *"_ivl_70", 2 0, L_0x138078f40;  1 drivers
L_0x138078f88 .functor BUFT 1, C4<00>, C4<0>, C4<0>, C4<0>;
v0x600003ec3330_0 .net/2u *"_ivl_72", 1 0, L_0x138078f88;  1 drivers
v0x600003ec33c0_0 .net *"_ivl_74", 0 0, L_0x600003dca940;  1 drivers
v0x600003ec3450_0 .net *"_ivl_77", 2 0, L_0x600003dca9e0;  1 drivers
L_0x138078fd0 .functor BUFT 1, C4<000>, C4<0>, C4<0>, C4<0>;
v0x600003ec34e0_0 .net/2u *"_ivl_78", 2 0, L_0x138078fd0;  1 drivers
v0x600003ec3570_0 .net *"_ivl_80", 0 0, L_0x600003dcaa80;  1 drivers
v0x600003ec3600_0 .net *"_ivl_83", 0 0, L_0x6000027cd730;  1 drivers
L_0x138079018 .functor BUFT 1, C4<110>, C4<0>, C4<0>, C4<0>;
v0x600003ec3690_0 .net/2u *"_ivl_84", 2 0, L_0x138079018;  1 drivers
L_0x138079060 .functor BUFT 1, C4<00>, C4<0>, C4<0>, C4<0>;
v0x600003ec3720_0 .net/2u *"_ivl_86", 1 0, L_0x138079060;  1 drivers
v0x600003ec37b0_0 .net *"_ivl_88", 0 0, L_0x600003dcab20;  1 drivers
v0x600003ec3840_0 .net *"_ivl_9", 0 0, L_0x6000027cd490;  1 drivers
L_0x1380790a8 .functor BUFT 1, C4<0100000101>, C4<0>, C4<0>, C4<0>;
v0x600003ec38d0_0 .net/2u *"_ivl_90", 9 0, L_0x1380790a8;  1 drivers
v0x600003ec3960_0 .net *"_ivl_92", 0 0, L_0x600003dcabc0;  1 drivers
v0x600003ec39f0_0 .net *"_ivl_95", 0 0, L_0x6000027cd7a0;  1 drivers
L_0x1380790f0 .functor BUFT 1, C4<111>, C4<0>, C4<0>, C4<0>;
v0x600003ec3a80_0 .net/2u *"_ivl_96", 2 0, L_0x1380790f0;  1 drivers
L_0x138079138 .functor BUFT 1, C4<000>, C4<0>, C4<0>, C4<0>;
v0x600003ec3b10_0 .net/2u *"_ivl_98", 2 0, L_0x138079138;  1 drivers
L_0x600003dca1c0 .cmp/eq 2, L_0x600003dc8fa0, L_0x138078a78;
L_0x600003dca260 .cmp/eq 10, L_0x600003dc8960, L_0x138078ac0;
L_0x600003dca300 .cmp/eq 2, L_0x600003dc8fa0, L_0x138078b50;
L_0x600003dca3a0 .cmp/eq 10, L_0x600003dc8960, L_0x138078b98;
L_0x600003dca440 .cmp/eq 2, L_0x600003dc8fa0, L_0x138078c28;
L_0x600003dca4e0 .cmp/eq 10, L_0x600003dc8960, L_0x138078c70;
L_0x600003dca580 .cmp/eq 2, L_0x600003dc8fa0, L_0x138078d00;
L_0x600003dca620 .cmp/eq 10, L_0x600003dc8960, L_0x138078d48;
L_0x600003dca6c0 .cmp/eq 2, L_0x600003dc8fa0, L_0x138078dd8;
L_0x600003dca760 .cmp/eq 10, L_0x600003dc8960, L_0x138078e20;
L_0x600003dca800 .cmp/eq 2, L_0x600003dc8fa0, L_0x138078eb0;
L_0x600003dca8a0 .cmp/eq 10, L_0x600003dc8960, L_0x138078ef8;
L_0x600003dca940 .cmp/eq 2, L_0x600003dc8fa0, L_0x138078f88;
L_0x600003dca9e0 .part L_0x600003dc8960, 0, 3;
L_0x600003dcaa80 .cmp/eq 3, L_0x600003dca9e0, L_0x138078fd0;
L_0x600003dcab20 .cmp/eq 2, L_0x600003dc8fa0, L_0x138079060;
L_0x600003dcabc0 .cmp/eq 10, L_0x600003dc8960, L_0x1380790a8;
L_0x600003dcac60 .functor MUXZ 3, L_0x138079138, L_0x1380790f0, L_0x6000027cd7a0, C4<>;
L_0x600003dcad00 .functor MUXZ 3, L_0x600003dcac60, L_0x138079018, L_0x6000027cd730, C4<>;
L_0x600003dcae40 .functor MUXZ 3, L_0x600003dcad00, L_0x138078f40, L_0x6000027cd6c0, C4<>;
L_0x600003dcaee0 .functor MUXZ 3, L_0x600003dcae40, L_0x138078e68, L_0x6000027cd650, C4<>;
L_0x600003dcada0 .functor MUXZ 3, L_0x600003dcaee0, L_0x138078d90, L_0x6000027cd5e0, C4<>;
L_0x600003dcaf80 .functor MUXZ 3, L_0x600003dcada0, L_0x138078cb8, L_0x6000027cd570, C4<>;
L_0x600003dcb020 .functor MUXZ 3, L_0x600003dcaf80, L_0x138078be0, L_0x6000027cd500, C4<>;
L_0x600003dcb0c0 .functor MUXZ 3, L_0x600003dcb020, L_0x138078b08, L_0x6000027cd490, C4<>;
S_0x13470dd50 .scope module, "Add_PC" "Adder" 3 15, 6 1 0, S_0x13471c160;
 .timescale 0 0;
    .port_info 0 /INPUT 32 "pc_i";
    .port_info 1 /INPUT 32 "imm_i";
    .port_info 2 /OUTPUT 32 "pc_o";
    .port_info 3 /NODIR 0 "";
L_0x138078010 .functor BUFT 1, C4<00000000000000000000000000000100>, C4<0>, C4<0>, C4<0>;
v0x600003ec3ba0_0 .net "imm_i", 31 0, L_0x138078010;  1 drivers
v0x600003ec3c30_0 .net "pc_i", 31 0, v0x600003ec6910_0;  alias, 1 drivers
v0x600003ec3cc0_0 .net "pc_o", 31 0, L_0x600003dc81e0;  alias, 1 drivers
L_0x600003dc81e0 .arith/sum 32, v0x600003ec6910_0, L_0x138078010;
S_0x13470dec0 .scope module, "Control" "Control" 3 68, 7 7 0, S_0x13471c160;
 .timescale 0 0;
    .port_info 0 /INPUT 7 "Op_i";
    .port_info 1 /OUTPUT 2 "ALUOp_o";
    .port_info 2 /OUTPUT 1 "ALUSrc_o";
    .port_info 3 /OUTPUT 1 "RegWrite_o";
    .port_info 4 /NODIR 0 "";
v0x600003ec3d50_0 .net "ALUOp_o", 1 0, L_0x600003dc8fa0;  alias, 1 drivers
v0x600003ec3de0_0 .net "ALUSrc_o", 0 0, L_0x600003dc9680;  alias, 1 drivers
v0x600003ec3e70_0 .net "Op_i", 6 0, L_0x600003dc8500;  alias, 1 drivers
v0x600003ec3f00_0 .net "RegWrite_o", 0 0, L_0x600003dc9c20;  alias, 1 drivers
L_0x1380780a0 .functor BUFT 1, C4<0110011>, C4<0>, C4<0>, C4<0>;
v0x600003ec4000_0 .net/2u *"_ivl_0", 6 0, L_0x1380780a0;  1 drivers
L_0x138078178 .functor BUFT 1, C4<00>, C4<0>, C4<0>, C4<0>;
v0x600003ec4090_0 .net/2u *"_ivl_10", 1 0, L_0x138078178;  1 drivers
L_0x138078838 .functor BUFT 1, C4<1>, C4<0>, C4<0>, C4<0>;
v0x600003ec4120_0 .net/2u *"_ivl_100", 0 0, L_0x138078838;  1 drivers
L_0x138078880 .functor BUFT 1, C4<0100011>, C4<0>, C4<0>, C4<0>;
v0x600003ec41b0_0 .net/2u *"_ivl_102", 6 0, L_0x138078880;  1 drivers
v0x600003ec4240_0 .net *"_ivl_104", 0 0, L_0x600003dc9860;  1 drivers
L_0x1380788c8 .functor BUFT 1, C4<0>, C4<0>, C4<0>, C4<0>;
v0x600003ec42d0_0 .net/2u *"_ivl_106", 0 0, L_0x1380788c8;  1 drivers
L_0x138078910 .functor BUFT 1, C4<1100011>, C4<0>, C4<0>, C4<0>;
v0x600003ec4360_0 .net/2u *"_ivl_108", 6 0, L_0x138078910;  1 drivers
v0x600003ec43f0_0 .net *"_ivl_110", 0 0, L_0x600003dc9900;  1 drivers
L_0x138078958 .functor BUFT 1, C4<0>, C4<0>, C4<0>, C4<0>;
v0x600003ec4480_0 .net/2u *"_ivl_112", 0 0, L_0x138078958;  1 drivers
L_0x1380789a0 .functor BUFT 1, C4<0>, C4<0>, C4<0>, C4<0>;
v0x600003ec4510_0 .net/2u *"_ivl_114", 0 0, L_0x1380789a0;  1 drivers
v0x600003ec45a0_0 .net *"_ivl_116", 0 0, L_0x600003dc99a0;  1 drivers
v0x600003ec4630_0 .net *"_ivl_118", 0 0, L_0x600003dc9a40;  1 drivers
L_0x1380781c0 .functor BUFT 1, C4<0000011>, C4<0>, C4<0>, C4<0>;
v0x600003ec46c0_0 .net/2u *"_ivl_12", 6 0, L_0x1380781c0;  1 drivers
v0x600003ec4750_0 .net *"_ivl_120", 0 0, L_0x600003dc9ae0;  1 drivers
v0x600003ec47e0_0 .net *"_ivl_122", 0 0, L_0x600003dc9b80;  1 drivers
v0x600003ec4870_0 .net *"_ivl_14", 0 0, L_0x600003dc8b40;  1 drivers
L_0x138078208 .functor BUFT 1, C4<00>, C4<0>, C4<0>, C4<0>;
v0x600003ec4900_0 .net/2u *"_ivl_16", 1 0, L_0x138078208;  1 drivers
L_0x138078250 .functor BUFT 1, C4<0100011>, C4<0>, C4<0>, C4<0>;
v0x600003ec4990_0 .net/2u *"_ivl_18", 6 0, L_0x138078250;  1 drivers
v0x600003ec4a20_0 .net *"_ivl_2", 0 0, L_0x600003dc8a00;  1 drivers
v0x600003ec4ab0_0 .net *"_ivl_20", 0 0, L_0x600003dc8be0;  1 drivers
L_0x138078298 .functor BUFT 1, C4<00>, C4<0>, C4<0>, C4<0>;
v0x600003ec4b40_0 .net/2u *"_ivl_22", 1 0, L_0x138078298;  1 drivers
L_0x1380782e0 .functor BUFT 1, C4<1100011>, C4<0>, C4<0>, C4<0>;
v0x600003ec4bd0_0 .net/2u *"_ivl_24", 6 0, L_0x1380782e0;  1 drivers
v0x600003ec4c60_0 .net *"_ivl_26", 0 0, L_0x600003dc8c80;  1 drivers
L_0x138078328 .functor BUFT 1, C4<11>, C4<0>, C4<0>, C4<0>;
v0x600003ec4cf0_0 .net/2u *"_ivl_28", 1 0, L_0x138078328;  1 drivers
L_0x138078370 .functor BUFT 1, C4<00>, C4<0>, C4<0>, C4<0>;
v0x600003ec4d80_0 .net/2u *"_ivl_30", 1 0, L_0x138078370;  1 drivers
v0x600003ec4e10_0 .net *"_ivl_32", 1 0, L_0x600003dc8d20;  1 drivers
v0x600003ec4ea0_0 .net *"_ivl_34", 1 0, L_0x600003dc8dc0;  1 drivers
v0x600003ec4f30_0 .net *"_ivl_36", 1 0, L_0x600003dc8e60;  1 drivers
v0x600003ec4fc0_0 .net *"_ivl_38", 1 0, L_0x600003dc8f00;  1 drivers
L_0x1380780e8 .functor BUFT 1, C4<10>, C4<0>, C4<0>, C4<0>;
v0x600003ec5050_0 .net/2u *"_ivl_4", 1 0, L_0x1380780e8;  1 drivers
L_0x1380783b8 .functor BUFT 1, C4<0110011>, C4<0>, C4<0>, C4<0>;
v0x600003ec50e0_0 .net/2u *"_ivl_42", 6 0, L_0x1380783b8;  1 drivers
v0x600003ec5170_0 .net *"_ivl_44", 0 0, L_0x600003dc9040;  1 drivers
L_0x138078400 .functor BUFT 1, C4<0>, C4<0>, C4<0>, C4<0>;
v0x600003ec5200_0 .net/2u *"_ivl_46", 0 0, L_0x138078400;  1 drivers
L_0x138078448 .functor BUFT 1, C4<0010011>, C4<0>, C4<0>, C4<0>;
v0x600003ec5290_0 .net/2u *"_ivl_48", 6 0, L_0x138078448;  1 drivers
v0x600003ec5320_0 .net *"_ivl_50", 0 0, L_0x600003dc90e0;  1 drivers
L_0x138078490 .functor BUFT 1, C4<1>, C4<0>, C4<0>, C4<0>;
v0x600003ec53b0_0 .net/2u *"_ivl_52", 0 0, L_0x138078490;  1 drivers
L_0x1380784d8 .functor BUFT 1, C4<0000011>, C4<0>, C4<0>, C4<0>;
v0x600003ec5440_0 .net/2u *"_ivl_54", 6 0, L_0x1380784d8;  1 drivers
v0x600003ec54d0_0 .net *"_ivl_56", 0 0, L_0x600003dc9180;  1 drivers
L_0x138078520 .functor BUFT 1, C4<1>, C4<0>, C4<0>, C4<0>;
v0x600003ec5560_0 .net/2u *"_ivl_58", 0 0, L_0x138078520;  1 drivers
L_0x138078130 .functor BUFT 1, C4<0010011>, C4<0>, C4<0>, C4<0>;
v0x600003ec55f0_0 .net/2u *"_ivl_6", 6 0, L_0x138078130;  1 drivers
L_0x138078568 .functor BUFT 1, C4<0100011>, C4<0>, C4<0>, C4<0>;
v0x600003ec5680_0 .net/2u *"_ivl_60", 6 0, L_0x138078568;  1 drivers
v0x600003ec5710_0 .net *"_ivl_62", 0 0, L_0x600003dc9220;  1 drivers
L_0x1380785b0 .functor BUFT 1, C4<1>, C4<0>, C4<0>, C4<0>;
v0x600003ec57a0_0 .net/2u *"_ivl_64", 0 0, L_0x1380785b0;  1 drivers
L_0x1380785f8 .functor BUFT 1, C4<1100011>, C4<0>, C4<0>, C4<0>;
v0x600003ec5830_0 .net/2u *"_ivl_66", 6 0, L_0x1380785f8;  1 drivers
v0x600003ec58c0_0 .net *"_ivl_68", 0 0, L_0x600003dc92c0;  1 drivers
L_0x138078640 .functor BUFT 1, C4<0>, C4<0>, C4<0>, C4<0>;
v0x600003ec5950_0 .net/2u *"_ivl_70", 0 0, L_0x138078640;  1 drivers
L_0x138078688 .functor BUFT 1, C4<0>, C4<0>, C4<0>, C4<0>;
v0x600003ec59e0_0 .net/2u *"_ivl_72", 0 0, L_0x138078688;  1 drivers
v0x600003ec5a70_0 .net *"_ivl_74", 0 0, L_0x600003dc9360;  1 drivers
v0x600003ec5b00_0 .net *"_ivl_76", 0 0, L_0x600003dc9400;  1 drivers
v0x600003ec5b90_0 .net *"_ivl_78", 0 0, L_0x600003dc94a0;  1 drivers
v0x600003ec5c20_0 .net *"_ivl_8", 0 0, L_0x600003dc8aa0;  1 drivers
v0x600003ec5cb0_0 .net *"_ivl_80", 0 0, L_0x600003dc9540;  1 drivers
L_0x1380786d0 .functor BUFT 1, C4<0110011>, C4<0>, C4<0>, C4<0>;
v0x600003ec5d40_0 .net/2u *"_ivl_84", 6 0, L_0x1380786d0;  1 drivers
v0x600003ec5dd0_0 .net *"_ivl_86", 0 0, L_0x600003dc9720;  1 drivers
L_0x138078718 .functor BUFT 1, C4<1>, C4<0>, C4<0>, C4<0>;
v0x600003ec5e60_0 .net/2u *"_ivl_88", 0 0, L_0x138078718;  1 drivers
L_0x138078760 .functor BUFT 1, C4<0010011>, C4<0>, C4<0>, C4<0>;
v0x600003ec5ef0_0 .net/2u *"_ivl_90", 6 0, L_0x138078760;  1 drivers
v0x600003ec5f80_0 .net *"_ivl_92", 0 0, L_0x600003dc95e0;  1 drivers
L_0x1380787a8 .functor BUFT 1, C4<1>, C4<0>, C4<0>, C4<0>;
v0x600003ec6010_0 .net/2u *"_ivl_94", 0 0, L_0x1380787a8;  1 drivers
L_0x1380787f0 .functor BUFT 1, C4<0000011>, C4<0>, C4<0>, C4<0>;
v0x600003ec60a0_0 .net/2u *"_ivl_96", 6 0, L_0x1380787f0;  1 drivers
v0x600003ec6130_0 .net *"_ivl_98", 0 0, L_0x600003dc97c0;  1 drivers
L_0x600003dc8a00 .cmp/eq 7, L_0x600003dc8500, L_0x1380780a0;
L_0x600003dc8aa0 .cmp/eq 7, L_0x600003dc8500, L_0x138078130;
L_0x600003dc8b40 .cmp/eq 7, L_0x600003dc8500, L_0x1380781c0;
L_0x600003dc8be0 .cmp/eq 7, L_0x600003dc8500, L_0x138078250;
L_0x600003dc8c80 .cmp/eq 7, L_0x600003dc8500, L_0x1380782e0;
L_0x600003dc8d20 .functor MUXZ 2, L_0x138078370, L_0x138078328, L_0x600003dc8c80, C4<>;
L_0x600003dc8dc0 .functor MUXZ 2, L_0x600003dc8d20, L_0x138078298, L_0x600003dc8be0, C4<>;
L_0x600003dc8e60 .functor MUXZ 2, L_0x600003dc8dc0, L_0x138078208, L_0x600003dc8b40, C4<>;
L_0x600003dc8f00 .functor MUXZ 2, L_0x600003dc8e60, L_0x138078178, L_0x600003dc8aa0, C4<>;
L_0x600003dc8fa0 .functor MUXZ 2, L_0x600003dc8f00, L_0x1380780e8, L_0x600003dc8a00, C4<>;
L_0x600003dc9040 .cmp/eq 7, L_0x600003dc8500, L_0x1380783b8;
L_0x600003dc90e0 .cmp/eq 7, L_0x600003dc8500, L_0x138078448;
L_0x600003dc9180 .cmp/eq 7, L_0x600003dc8500, L_0x1380784d8;
L_0x600003dc9220 .cmp/eq 7, L_0x600003dc8500, L_0x138078568;
L_0x600003dc92c0 .cmp/eq 7, L_0x600003dc8500, L_0x1380785f8;
L_0x600003dc9360 .functor MUXZ 1, L_0x138078688, L_0x138078640, L_0x600003dc92c0, C4<>;
L_0x600003dc9400 .functor MUXZ 1, L_0x600003dc9360, L_0x1380785b0, L_0x600003dc9220, C4<>;
L_0x600003dc94a0 .functor MUXZ 1, L_0x600003dc9400, L_0x138078520, L_0x600003dc9180, C4<>;
L_0x600003dc9540 .functor MUXZ 1, L_0x600003dc94a0, L_0x138078490, L_0x600003dc90e0, C4<>;
L_0x600003dc9680 .functor MUXZ 1, L_0x600003dc9540, L_0x138078400, L_0x600003dc9040, C4<>;
L_0x600003dc9720 .cmp/eq 7, L_0x600003dc8500, L_0x1380786d0;
L_0x600003dc95e0 .cmp/eq 7, L_0x600003dc8500, L_0x138078760;
L_0x600003dc97c0 .cmp/eq 7, L_0x600003dc8500, L_0x1380787f0;
L_0x600003dc9860 .cmp/eq 7, L_0x600003dc8500, L_0x138078880;
L_0x600003dc9900 .cmp/eq 7, L_0x600003dc8500, L_0x138078910;
L_0x600003dc99a0 .functor MUXZ 1, L_0x1380789a0, L_0x138078958, L_0x600003dc9900, C4<>;
L_0x600003dc9a40 .functor MUXZ 1, L_0x600003dc99a0, L_0x1380788c8, L_0x600003dc9860, C4<>;
L_0x600003dc9ae0 .functor MUXZ 1, L_0x600003dc9a40, L_0x138078838, L_0x600003dc97c0, C4<>;
L_0x600003dc9b80 .functor MUXZ 1, L_0x600003dc9ae0, L_0x1380787a8, L_0x600003dc95e0, C4<>;
L_0x600003dc9c20 .functor MUXZ 1, L_0x600003dc9b80, L_0x138078718, L_0x600003dc9720, C4<>;
S_0x13470e030 .scope module, "Instruction_Memory" "Instruction_Memory" 3 30, 8 1 0, S_0x13471c160;
 .timescale 0 0;
    .port_info 0 /INPUT 32 "addr_i";
    .port_info 1 /OUTPUT 32 "instr_o";
L_0x6000027cd340 .functor BUFZ 32, L_0x600003dc8280, C4<00000000000000000000000000000000>, C4<00000000000000000000000000000000>, C4<00000000000000000000000000000000>;
v0x600003ec61c0_0 .net *"_ivl_0", 31 0, L_0x600003dc8280;  1 drivers
v0x600003ec6250_0 .net *"_ivl_2", 31 0, L_0x600003dc8460;  1 drivers
v0x600003ec62e0_0 .net *"_ivl_4", 29 0, L_0x600003dc83c0;  1 drivers
L_0x138078058 .functor BUFT 1, C4<00>, C4<0>, C4<0>, C4<0>;
v0x600003ec6370_0 .net *"_ivl_6", 1 0, L_0x138078058;  1 drivers
v0x600003ec6400_0 .net "addr_i", 31 0, v0x600003ec6910_0;  alias, 1 drivers
v0x600003ec6490_0 .net "instr_o", 31 0, L_0x6000027cd340;  alias, 1 drivers
v0x600003ec6520 .array "memory", 255 0, 31 0;
L_0x600003dc8280 .array/port v0x600003ec6520, L_0x600003dc8460;
L_0x600003dc83c0 .part v0x600003ec6910_0, 2, 30;
L_0x600003dc8460 .concat [ 30 2 0 0], L_0x600003dc83c0, L_0x138078058;
S_0x1347045d0 .scope module, "MUX_ALUSrc" "MUX32" 3 93, 9 1 0, S_0x13471c160;
 .timescale 0 0;
    .port_info 0 /INPUT 32 "rs2_data_i";
    .port_info 1 /INPUT 32 "imm_i";
    .port_info 2 /INPUT 1 "ALUSrc_i";
    .port_info 3 /OUTPUT 32 "ALUData_o";
v0x600003ec65b0_0 .net "ALUData_o", 31 0, L_0x600003dca120;  alias, 1 drivers
v0x600003ec6640_0 .net "ALUSrc_i", 0 0, L_0x600003dc9680;  alias, 1 drivers
v0x600003ec66d0_0 .net "imm_i", 31 0, L_0x600003dca080;  alias, 1 drivers
v0x600003ec6760_0 .net "rs2_data_i", 31 0, L_0x6000027cd420;  alias, 1 drivers
L_0x600003dca120 .functor MUXZ 32, L_0x6000027cd420, L_0x600003dca080, L_0x600003dc9680, C4<>;
S_0x134704740 .scope module, "PC" "PC" 3 21, 10 1 0, S_0x13471c160;
 .timescale 0 0;
    .port_info 0 /INPUT 1 "clk_i";
    .port_info 1 /INPUT 1 "rst_i";
    .port_info 2 /INPUT 32 "pc_i";
    .port_info 3 /OUTPUT 32 "pc_o";
v0x600003ec67f0_0 .net "clk_i", 0 0, v0x600003ed82d0_0;  alias, 1 drivers
v0x600003ec6880_0 .net "pc_i", 31 0, L_0x600003dc81e0;  alias, 1 drivers
v0x600003ec6910_0 .var "pc_o", 31 0;
v0x600003ec69a0_0 .net "rst_i", 0 0, v0x600003ed8360_0;  alias, 1 drivers
E_0x6000019c5a40/0 .event negedge, v0x600003ec69a0_0;
E_0x6000019c5a40/1 .event posedge, v0x600003ec67f0_0;
E_0x6000019c5a40 .event/or E_0x6000019c5a40/0, E_0x6000019c5a40/1;
S_0x1347048b0 .scope module, "Registers" "Registers" 3 75, 11 1 0, S_0x13471c160;
 .timescale 0 0;
    .port_info 0 /INPUT 1 "rst_i";
    .port_info 1 /INPUT 1 "clk_i";
    .port_info 2 /INPUT 5 "RS1addr_i";
    .port_info 3 /INPUT 5 "RS2addr_i";
    .port_info 4 /INPUT 5 "RDaddr_i";
    .port_info 5 /INPUT 32 "RDdata_i";
    .port_info 6 /INPUT 1 "RegWrite_i";
    .port_info 7 /OUTPUT 32 "RS1data_o";
    .port_info 8 /OUTPUT 32 "RS2data_o";
L_0x6000027cd3b0 .functor BUFZ 32, L_0x600003dc9cc0, C4<00000000000000000000000000000000>, C4<00000000000000000000000000000000>, C4<00000000000000000000000000000000>;
L_0x6000027cd420 .functor BUFZ 32, L_0x600003dc9e00, C4<00000000000000000000000000000000>, C4<00000000000000000000000000000000>, C4<00000000000000000000000000000000>;
v0x600003ec6a30_0 .net "RDaddr_i", 4 0, L_0x600003dc86e0;  alias, 1 drivers
v0x600003ec6ac0_0 .net "RDdata_i", 31 0, L_0x600003dcbf20;  alias, 1 drivers
v0x600003ec6b50_0 .net "RS1addr_i", 4 0, L_0x600003dc85a0;  alias, 1 drivers
v0x600003ec6be0_0 .net "RS1data_o", 31 0, L_0x6000027cd3b0;  alias, 1 drivers
v0x600003ec6c70_0 .net "RS2addr_i", 4 0, L_0x600003dc8640;  alias, 1 drivers
v0x600003ec6d00_0 .net "RS2data_o", 31 0, L_0x6000027cd420;  alias, 1 drivers
v0x600003ec6d90_0 .net "RegWrite_i", 0 0, L_0x600003dc9c20;  alias, 1 drivers
v0x600003ec6e20_0 .net *"_ivl_0", 31 0, L_0x600003dc9cc0;  1 drivers
v0x600003ec6eb0_0 .net *"_ivl_10", 6 0, L_0x600003dc9ea0;  1 drivers
L_0x138078a30 .functor BUFT 1, C4<00>, C4<0>, C4<0>, C4<0>;
v0x600003ec6f40_0 .net *"_ivl_13", 1 0, L_0x138078a30;  1 drivers
v0x600003ec6fd0_0 .net *"_ivl_2", 6 0, L_0x600003dc9d60;  1 drivers
L_0x1380789e8 .functor BUFT 1, C4<00>, C4<0>, C4<0>, C4<0>;
v0x600003ec7060_0 .net *"_ivl_5", 1 0, L_0x1380789e8;  1 drivers
v0x600003ec70f0_0 .net *"_ivl_8", 31 0, L_0x600003dc9e00;  1 drivers
v0x600003ec7180_0 .net "clk_i", 0 0, v0x600003ed82d0_0;  alias, 1 drivers
v0x600003ec7210_0 .var/i "i", 31 0;
v0x600003ec72a0 .array/s "register", 31 0, 31 0;
v0x600003ec7330_0 .net "rst_i", 0 0, v0x600003ed8360_0;  alias, 1 drivers
L_0x600003dc9cc0 .array/port v0x600003ec72a0, L_0x600003dc9d60;
L_0x600003dc9d60 .concat [ 5 2 0 0], L_0x600003dc85a0, L_0x1380789e8;
L_0x600003dc9e00 .array/port v0x600003ec72a0, L_0x600003dc9ea0;
L_0x600003dc9ea0 .concat [ 5 2 0 0], L_0x600003dc8640, L_0x138078a30;
S_0x134704a20 .scope module, "Sign_Extend" "Sign_Extend" 3 87, 12 1 0, S_0x13471c160;
 .timescale 0 0;
    .port_info 0 /INPUT 12 "imm_i";
    .port_info 1 /OUTPUT 32 "imm_o";
v0x600003ec73c0_0 .net *"_ivl_1", 0 0, L_0x600003dc9f40;  1 drivers
v0x600003ec7450_0 .net *"_ivl_2", 19 0, L_0x600003dc9fe0;  1 drivers
v0x600003ec74e0_0 .net "imm_i", 11 0, L_0x600003dc8780;  alias, 1 drivers
v0x600003ec7570_0 .net "imm_o", 31 0, L_0x600003dca080;  alias, 1 drivers
L_0x600003dc9f40 .part L_0x600003dc8780, 11, 1;
LS_0x600003dc9fe0_0_0 .concat [ 1 1 1 1], L_0x600003dc9f40, L_0x600003dc9f40, L_0x600003dc9f40, L_0x600003dc9f40;
LS_0x600003dc9fe0_0_4 .concat [ 1 1 1 1], L_0x600003dc9f40, L_0x600003dc9f40, L_0x600003dc9f40, L_0x600003dc9f40;
LS_0x600003dc9fe0_0_8 .concat [ 1 1 1 1], L_0x600003dc9f40, L_0x600003dc9f40, L_0x600003dc9f40, L_0x600003dc9f40;
LS_0x600003dc9fe0_0_12 .concat [ 1 1 1 1], L_0x600003dc9f40, L_0x600003dc9f40, L_0x600003dc9f40, L_0x600003dc9f40;
LS_0x600003dc9fe0_0_16 .concat [ 1 1 1 1], L_0x600003dc9f40, L_0x600003dc9f40, L_0x600003dc9f40, L_0x600003dc9f40;
LS_0x600003dc9fe0_1_0 .concat [ 4 4 4 4], LS_0x600003dc9fe0_0_0, LS_0x600003dc9fe0_0_4, LS_0x600003dc9fe0_0_8, LS_0x600003dc9fe0_0_12;
LS_0x600003dc9fe0_1_4 .concat [ 4 0 0 0], LS_0x600003dc9fe0_0_16;
L_0x600003dc9fe0 .concat [ 16 4 0 0], LS_0x600003dc9fe0_1_0, LS_0x600003dc9fe0_1_4;
L_0x600003dca080 .concat [ 12 20 0 0], L_0x600003dc8780, L_0x600003dc9fe0;
    .scope S_0x134704740;
T_0 ;
    %wait E_0x6000019c5a40;
    %load/vec4 v0x600003ec69a0_0;
    %inv;
    %flag_set/vec4 8;
    %jmp/0xz  T_0.0, 8;
    %pushi/vec4 0, 0, 32;
    %assign/vec4 v0x600003ec6910_0, 0;
    %jmp T_0.1;
T_0.0 ;
    %load/vec4 v0x600003ec6880_0;
    %assign/vec4 v0x600003ec6910_0, 0;
T_0.1 ;
    %jmp T_0;
    .thread T_0;
    .scope S_0x1347048b0;
T_1 ;
    %wait E_0x6000019c5a40;
    %load/vec4 v0x600003ec7330_0;
    %inv;
    %flag_set/vec4 8;
    %jmp/0xz  T_1.0, 8;
    %pushi/vec4 0, 0, 32;
    %store/vec4 v0x600003ec7210_0, 0, 32;
T_1.2 ;
    %load/vec4 v0x600003ec7210_0;
    %cmpi/s 32, 0, 32;
    %jmp/0xz T_1.3, 5;
    %pushi/vec4 0, 0, 32;
    %ix/getv/s 3, v0x600003ec7210_0;
    %ix/load 4, 0, 0; Constant delay
    %assign/vec4/a/d v0x600003ec72a0, 0, 4;
    ; show_stmt_assign_vector: Get l-value for compressed += operand
    %load/vec4 v0x600003ec7210_0;
    %pushi/vec4 1, 0, 32;
    %add;
    %store/vec4 v0x600003ec7210_0, 0, 32;
    %jmp T_1.2;
T_1.3 ;
    %jmp T_1.1;
T_1.0 ;
    %load/vec4 v0x600003ec6d90_0;
    %flag_set/vec4 9;
    %flag_get/vec4 9;
    %jmp/0 T_1.6, 9;
    %load/vec4 v0x600003ec6a30_0;
    %pushi/vec4 0, 0, 5;
    %cmp/ne;
    %flag_get/vec4 4;
    %and;
T_1.6;
    %flag_set/vec4 8;
    %jmp/0xz  T_1.4, 8;
    %load/vec4 v0x600003ec6ac0_0;
    %load/vec4 v0x600003ec6a30_0;
    %pad/u 7;
    %ix/vec4 3;
    %ix/load 4, 0, 0; Constant delay
    %assign/vec4/a/d v0x600003ec72a0, 0, 4;
T_1.4 ;
T_1.1 ;
    %jmp T_1;
    .thread T_1;
    .scope S_0x134714510;
T_2 ;
    %delay 25, 0;
    %load/vec4 v0x600003ed82d0_0;
    %inv;
    %store/vec4 v0x600003ed82d0_0, 0, 1;
    %jmp T_2;
    .thread T_2;
    .scope S_0x134714510;
T_3 ;
    %vpi_call 2 17 "$dumpfile", "waveform.vcd" {0 0 0};
    %vpi_call 2 18 "$dumpvars" {0 0 0};
    %pushi/vec4 0, 0, 32;
    %store/vec4 v0x600003ed83f0_0, 0, 32;
    %pushi/vec4 0, 0, 32;
    %store/vec4 v0x600003ed8480_0, 0, 32;
T_3.0 ;
    %load/vec4 v0x600003ed8480_0;
    %cmpi/s 256, 0, 32;
    %jmp/0xz T_3.1, 5;
    %pushi/vec4 0, 0, 32;
    %ix/getv/s 4, v0x600003ed8480_0;
    %store/vec4a v0x600003ec6520, 4, 0;
    %load/vec4 v0x600003ed8480_0;
    %addi 1, 0, 32;
    %store/vec4 v0x600003ed8480_0, 0, 32;
    %jmp T_3.0;
T_3.1 ;
    %vpi_call 2 28 "$readmemb", "instruction_1.txt", v0x600003ec6520 {0 0 0};
    %vpi_func 2 31 "$fopen" 32, "output.txt" {0 0 0};
    %pushi/vec4 1, 0, 32;
    %or;
    %store/vec4 v0x600003ed8510_0, 0, 32;
    %pushi/vec4 0, 0, 1;
    %store/vec4 v0x600003ed82d0_0, 0, 1;
    %pushi/vec4 0, 0, 1;
    %store/vec4 v0x600003ed8360_0, 0, 1;
    %delay 12, 0;
    %pushi/vec4 1, 0, 1;
    %store/vec4 v0x600003ed8360_0, 0, 1;
    %end;
    .thread T_3;
    .scope S_0x134714510;
T_4 ;
    %wait E_0x6000019c5980;
    %load/vec4 v0x600003ed83f0_0;
    %cmpi/e 30, 0, 32;
    %jmp/0xz  T_4.0, 4;
    %vpi_call 2 43 "$finish" {0 0 0};
T_4.0 ;
    %vpi_call 2 46 "$fdisplay", v0x600003ed8510_0, "PC = %d", v0x600003ec6910_0 {0 0 0};
    %vpi_call 2 49 "$fdisplay", v0x600003ed8510_0, "Registers" {0 0 0};
    %vpi_call 2 50 "$fdisplay", v0x600003ed8510_0, "x0     = %d, x8(s0)  = %d, x16(a6) = %d, x24(s8)  = %d", &A<v0x600003ec72a0, 0>, &A<v0x600003ec72a0, 8>, &A<v0x600003ec72a0, 16>, &A<v0x600003ec72a0, 24> {0 0 0};
    %vpi_call 2 51 "$fdisplay", v0x600003ed8510_0, "x1(ra) = %d, x9(s1)  = %d, x17(a7) = %d, x25(s9)  = %d", &A<v0x600003ec72a0, 1>, &A<v0x600003ec72a0, 9>, &A<v0x600003ec72a0, 17>, &A<v0x600003ec72a0, 25> {0 0 0};
    %vpi_call 2 52 "$fdisplay", v0x600003ed8510_0, "x2(sp) = %d, x10(a0) = %d, x18(s2) = %d, x26(s10) = %d", &A<v0x600003ec72a0, 2>, &A<v0x600003ec72a0, 10>, &A<v0x600003ec72a0, 18>, &A<v0x600003ec72a0, 26> {0 0 0};
    %vpi_call 2 53 "$fdisplay", v0x600003ed8510_0, "x3(gp) = %d, x11(a1) = %d, x19(s3) = %d, x27(s11) = %d", &A<v0x600003ec72a0, 3>, &A<v0x600003ec72a0, 11>, &A<v0x600003ec72a0, 19>, &A<v0x600003ec72a0, 27> {0 0 0};
    %vpi_call 2 54 "$fdisplay", v0x600003ed8510_0, "x4(tp) = %d, x12(a2) = %d, x20(s4) = %d, x28(t3)  = %d", &A<v0x600003ec72a0, 4>, &A<v0x600003ec72a0, 12>, &A<v0x600003ec72a0, 20>, &A<v0x600003ec72a0, 28> {0 0 0};
    %vpi_call 2 55 "$fdisplay", v0x600003ed8510_0, "x5(t0) = %d, x13(a3) = %d, x21(s5) = %d, x29(t4)  = %d", &A<v0x600003ec72a0, 5>, &A<v0x600003ec72a0, 13>, &A<v0x600003ec72a0, 21>, &A<v0x600003ec72a0, 29> {0 0 0};
    %vpi_call 2 56 "$fdisplay", v0x600003ed8510_0, "x6(t1) = %d, x14(a4) = %d, x22(s6) = %d, x30(t5)  = %d", &A<v0x600003ec72a0, 6>, &A<v0x600003ec72a0, 14>, &A<v0x600003ec72a0, 22>, &A<v0x600003ec72a0, 30> {0 0 0};
    %vpi_call 2 57 "$fdisplay", v0x600003ed8510_0, "x7(t2) = %d, x15(a5) = %d, x23(s7) = %d, x31(t6)  = %d", &A<v0x600003ec72a0, 7>, &A<v0x600003ec72a0, 15>, &A<v0x600003ec72a0, 23>, &A<v0x600003ec72a0, 31> {0 0 0};
    %vpi_call 2 59 "$fdisplay", v0x600003ed8510_0, "\012" {0 0 0};
    %load/vec4 v0x600003ed83f0_0;
    %addi 1, 0, 32;
    %store/vec4 v0x600003ed83f0_0, 0, 32;
    %jmp T_4;
    .thread T_4;
# The file index is used to find the file name in the following table.
:file_names 13;
    "N/A";
    "<interactive>";
    "code/supplied/testbench.v";
    "code/src/CPU.v";
    "code/src/ALU.v";
    "code/src/ALU_Control.v";
    "code/src/Adder.v";
    "code/src/Control.v";
    "code/supplied/Instruction_Memory.v";
    "code/src/MUX32.v";
    "code/supplied/PC.v";
    "code/supplied/Registers.v";
    "code/src/Sign_Extend.v";
